[32m[Nest] 18204  - [39m24/05/2026, 5:33:12 p. m. [32m    LOG[39m [38;5;3m[NestFactory] [39m[32mStarting Nest application...[39m
[32m[Nest] 18204  - [39m24/05/2026, 5:33:12 p. m. [32m    LOG[39m [38;5;3m[InstanceLoader] [39m[32mPrismaModule dependencies initialized[39m[38;5;3m +53ms[39m
[32m[Nest] 18204  - [39m24/05/2026, 5:33:12 p. m. [32m    LOG[39m [38;5;3m[InstanceLoader] [39m[32mRedisModule dependencies initialized[39m[38;5;3m +0ms[39m
[32m[Nest] 18204  - [39m24/05/2026, 5:33:12 p. m. [32m    LOG[39m [38;5;3m[InstanceLoader] [39m[32mPassportModule dependencies initialized[39m[38;5;3m +1ms[39m
[32m[Nest] 18204  - [39m24/05/2026, 5:33:12 p. m. [32m    LOG[39m [38;5;3m[InstanceLoader] [39m[32mConfigHostModule dependencies initialized[39m[38;5;3m +4ms[39m
[32m[Nest] 18204  - [39m24/05/2026, 5:33:12 p. m. [32m    LOG[39m [38;5;3m[InstanceLoader] [39m[32mJwtModule dependencies initialized[39m[38;5;3m +1ms[39m
[32m[Nest] 18204  - [39m24/05/2026, 5:33:12 p. m. [32m    LOG[39m [38;5;3m[InstanceLoader] [39m[32mJwtModule dependencies initialized[39m[38;5;3m +1ms[39m
[32m[Nest] 18204  - [39m24/05/2026, 5:33:12 p. m. [32m    LOG[39m [38;5;3m[InstanceLoader] [39m[32mJwtModule dependencies initialized[39m[38;5;3m +1ms[39m
[32m[Nest] 18204  - [39m24/05/2026, 5:33:12 p. m. [32m    LOG[39m [38;5;3m[InstanceLoader] [39m[32mDiscoveryModule dependencies initialized[39m[38;5;3m +0ms[39m
[32m[Nest] 18204  - [39m24/05/2026, 5:33:12 p. m. [32m    LOG[39m [38;5;3m[InstanceLoader] [39m[32mSchedulerModule dependencies initialized[39m[38;5;3m +1ms[39m
[32m[Nest] 18204  - [39m24/05/2026, 5:33:12 p. m. [32m    LOG[39m [38;5;3m[InstanceLoader] [39m[32mJwtModule dependencies initialized[39m[38;5;3m +2ms[39m
[33m[Nest] 18204  - [39m24/05/2026, 5:33:12 p. m. [33m   WARN[39m [38;5;3m[MailService] [39m[33mMail credentials not configured — email sending is disabled. Set MAIL_HOST, MAIL_USER, MAIL_PASS in .env to enable it.[39m
[32m[Nest] 18204  - [39m24/05/2026, 5:33:12 p. m. [32m    LOG[39m [38;5;3m[InstanceLoader] [39m[32mConfigModule dependencies initialized[39m[38;5;3m +1ms[39m
[32m[Nest] 18204  - [39m24/05/2026, 5:33:12 p. m. [32m    LOG[39m [38;5;3m[InstanceLoader] [39m[32mServeStaticModule dependencies initialized[39m[38;5;3m +0ms[39m
[32m[Nest] 18204  - [39m24/05/2026, 5:33:12 p. m. [32m    LOG[39m [38;5;3m[InstanceLoader] [39m[32mScheduleModule dependencies initialized[39m[38;5;3m +1ms[39m
[32m[Nest] 18204  - [39m24/05/2026, 5:33:12 p. m. [32m    LOG[39m [38;5;3m[InstanceLoader] [39m[32mMailModule dependencies initialized[39m[38;5;3m +2ms[39m
[32m[Nest] 18204  - [39m24/05/2026, 5:33:12 p. m. [32m    LOG[39m [38;5;3m[InstanceLoader] [39m[32mUploadModule dependencies initialized[39m[38;5;3m +0ms[39m
[32m[Nest] 18204  - [39m24/05/2026, 5:33:12 p. m. [32m    LOG[39m [38;5;3m[InstanceLoader] [39m[32mAppModule dependencies initialized[39m[38;5;3m +2ms[39m
[32m[Nest] 18204  - [39m24/05/2026, 5:33:12 p. m. [32m    LOG[39m [38;5;3m[InstanceLoader] [39m[32mPaymentsModule dependencies initialized[39m[38;5;3m +1ms[39m
[32m[Nest] 18204  - [39m24/05/2026, 5:33:12 p. m. [32m    LOG[39m [38;5;3m[InstanceLoader] [39m[32mTicketsModule dependencies initialized[39m[38;5;3m +1ms[39m
[32m[Nest] 18204  - [39m24/05/2026, 5:33:12 p. m. [32m    LOG[39m [38;5;3m[InstanceLoader] [39m[32mAdminModule dependencies initialized[39m[38;5;3m +1ms[39m
[32m[Nest] 18204  - [39m24/05/2026, 5:33:12 p. m. [32m    LOG[39m [38;5;3m[InstanceLoader] [39m[32mOrganizerMembersModule dependencies initialized[39m[38;5;3m +1ms[39m
[32m[Nest] 18204  - [39m24/05/2026, 5:33:12 p. m. [32m    LOG[39m [38;5;3m[InstanceLoader] [39m[32mEventsModule dependencies initialized[39m[38;5;3m +0ms[39m
[32m[Nest] 18204  - [39m24/05/2026, 5:33:12 p. m. [32m    LOG[39m [38;5;3m[InstanceLoader] [39m[32mAuthModule dependencies initialized[39m[38;5;3m +1ms[39m
[32m[Nest] 18204  - [39m24/05/2026, 5:33:12 p. m. [32m    LOG[39m [38;5;3m[InstanceLoader] [39m[32mOrdersModule dependencies initialized[39m[38;5;3m +1ms[39m
[32m[Nest] 18204  - [39m24/05/2026, 5:33:12 p. m. [32m    LOG[39m [38;5;3m[RoutesResolver] [39m[32mAppController {/api}:[39m[38;5;3m +7ms[39m
[32m[Nest] 18204  - [39m24/05/2026, 5:33:12 p. m. [32m    LOG[39m [38;5;3m[RouterExplorer] [39m[32mMapped {/api, GET} route[39m[38;5;3m +4ms[39m
[32m[Nest] 18204  - [39m24/05/2026, 5:33:12 p. m. [32m    LOG[39m [38;5;3m[RouterExplorer] [39m[32mMapped {/api/plans, GET} route[39m[38;5;3m +1ms[39m
[32m[Nest] 18204  - [39m24/05/2026, 5:33:12 p. m. [32m    LOG[39m [38;5;3m[RoutesResolver] [39m[32mAuthController {/api/auth}:[39m[38;5;3m +1ms[39m
[32m[Nest] 18204  - [39m24/05/2026, 5:33:12 p. m. [32m    LOG[39m [38;5;3m[RouterExplorer] [39m[32mMapped {/api/auth/login, POST} route[39m[38;5;3m +2ms[39m
[32m[Nest] 18204  - [39m24/05/2026, 5:33:12 p. m. [32m    LOG[39m [38;5;3m[RouterExplorer] [39m[32mMapped {/api/auth/register, POST} route[39m[38;5;3m +1ms[39m
[32m[Nest] 18204  - [39m24/05/2026, 5:33:12 p. m. [32m    LOG[39m [38;5;3m[RouterExplorer] [39m[32mMapped {/api/auth/register-host, POST} route[39m[38;5;3m +1ms[39m
[32m[Nest] 18204  - [39m24/05/2026, 5:33:12 p. m. [32m    LOG[39m [38;5;3m[RouterExplorer] [39m[32mMapped {/api/auth/me, GET} route[39m[38;5;3m +1ms[39m
[32m[Nest] 18204  - [39m24/05/2026, 5:33:12 p. m. [32m    LOG[39m [38;5;3m[RouterExplorer] [39m[32mMapped {/api/auth/me, PATCH} route[39m[38;5;3m +1ms[39m
[32m[Nest] 18204  - [39m24/05/2026, 5:33:12 p. m. [32m    LOG[39m [38;5;3m[RouterExplorer] [39m[32mMapped {/api/auth/me/organizer, GET} route[39m[38;5;3m +1ms[39m
[32m[Nest] 18204  - [39m24/05/2026, 5:33:12 p. m. [32m    LOG[39m [38;5;3m[RouterExplorer] [39m[32mMapped {/api/auth/me/basic, PATCH} route[39m[38;5;3m +2ms[39m
[32m[Nest] 18204  - [39m24/05/2026, 5:33:12 p. m. [32m    LOG[39m [38;5;3m[RouterExplorer] [39m[32mMapped {/api/auth/me/password, PATCH} route[39m[38;5;3m +1ms[39m
[32m[Nest] 18204  - [39m24/05/2026, 5:33:12 p. m. [32m    LOG[39m [38;5;3m[RouterExplorer] [39m[32mMapped {/api/auth/me/organizer-profile, PATCH} route[39m[38;5;3m +1ms[39m
[32m[Nest] 18204  - [39m24/05/2026, 5:33:12 p. m. [32m    LOG[39m [38;5;3m[RouterExplorer] [39m[32mMapped {/api/auth/verify-email, GET} route[39m[38;5;3m +1ms[39m
[32m[Nest] 18204  - [39m24/05/2026, 5:33:12 p. m. [32m    LOG[39m [38;5;3m[RouterExplorer] [39m[32mMapped {/api/auth/resend-verification, POST} route[39m[38;5;3m +1ms[39m
[32m[Nest] 18204  - [39m24/05/2026, 5:33:12 p. m. [32m    LOG[39m [38;5;3m[RouterExplorer] [39m[32mMapped {/api/auth/forgot-password, POST} route[39m[38;5;3m +1ms[39m
[32m[Nest] 18204  - [39m24/05/2026, 5:33:12 p. m. [32m    LOG[39m [38;5;3m[RouterExplorer] [39m[32mMapped {/api/auth/reset-password, POST} route[39m[38;5;3m +0ms[39m
[32m[Nest] 18204  - [39m24/05/2026, 5:33:12 p. m. [32m    LOG[39m [38;5;3m[RoutesResolver] [39m[32mEventsController {/api/events}:[39m[38;5;3m +1ms[39m
[32m[Nest] 18204  - [39m24/05/2026, 5:33:12 p. m. [32m    LOG[39m [38;5;3m[RouterExplorer] [39m[32mMapped {/api/events, POST} route[39m[38;5;3m +1ms[39m
[32m[Nest] 18204  - [39m24/05/2026, 5:33:12 p. m. [32m    LOG[39m [38;5;3m[RouterExplorer] [39m[32mMapped {/api/events, GET} route[39m[38;5;3m +1ms[39m
[32m[Nest] 18204  - [39m24/05/2026, 5:33:12 p. m. [32m    LOG[39m [38;5;3m[RouterExplorer] [39m[32mMapped {/api/events/me, GET} route[39m[38;5;3m +1ms[39m
[32m[Nest] 18204  - [39m24/05/2026, 5:33:12 p. m. [32m    LOG[39m [38;5;3m[RouterExplorer] [39m[32mMapped {/api/events/backfill-slugs, GET} route[39m[38;5;3m +1ms[39m
[32m[Nest] 18204  - [39m24/05/2026, 5:33:12 p. m. [32m    LOG[39m [38;5;3m[RouterExplorer] [39m[32mMapped {/api/events/:id, GET} route[39m[38;5;3m +1ms[39m
[32m[Nest] 18204  - [39m24/05/2026, 5:33:12 p. m. [32m    LOG[39m [38;5;3m[RouterExplorer] [39m[32mMapped {/api/events/:id, PATCH} route[39m[38;5;3m +2ms[39m
[32m[Nest] 18204  - [39m24/05/2026, 5:33:12 p. m. [32m    LOG[39m [38;5;3m[RouterExplorer] [39m[32mMapped {/api/events/:id, DELETE} route[39m[38;5;3m +1ms[39m
[32m[Nest] 18204  - [39m24/05/2026, 5:33:12 p. m. [32m    LOG[39m [38;5;3m[RoutesResolver] [39m[32mOrdersController {/api/orders}:[39m[38;5;3m +1ms[39m
[32m[Nest] 18204  - [39m24/05/2026, 5:33:12 p. m. [32m    LOG[39m [38;5;3m[RouterExplorer] [39m[32mMapped {/api/orders/lock-seats, POST} route[39m[38;5;3m +1ms[39m
[32m[Nest] 18204  - [39m24/05/2026, 5:33:12 p. m. [32m    LOG[39m [38;5;3m[RouterExplorer] [39m[32mMapped {/api/orders/unlock-seats, POST} route[39m[38;5;3m +1ms[39m
[32m[Nest] 18204  - [39m24/05/2026, 5:33:12 p. m. [32m    LOG[39m [38;5;3m[RouterExplorer] [39m[32mMapped {/api/orders/purchase, POST} route[39m[38;5;3m +0ms[39m
[32m[Nest] 18204  - [39m24/05/2026, 5:33:12 p. m. [32m    LOG[39m [38;5;3m[RouterExplorer] [39m[32mMapped {/api/orders, GET} route[39m[38;5;3m +1ms[39m
[32m[Nest] 18204  - [39m24/05/2026, 5:33:12 p. m. [32m    LOG[39m [38;5;3m[RouterExplorer] [39m[32mMapped {/api/orders/attendees/me, GET} route[39m[38;5;3m +1ms[39m
[32m[Nest] 18204  - [39m24/05/2026, 5:33:12 p. m. [32m    LOG[39m [38;5;3m[RoutesResolver] [39m[32mPaymentsController {/api/payments}:[39m[38;5;3m +1ms[39m
[32m[Nest] 18204  - [39m24/05/2026, 5:33:12 p. m. [32m    LOG[39m [38;5;3m[RouterExplorer] [39m[32mMapped {/api/payments/create-intent, POST} route[39m[38;5;3m +0ms[39m
[32m[Nest] 18204  - [39m24/05/2026, 5:33:12 p. m. [32m    LOG[39m [38;5;3m[RoutesResolver] [39m[32mTicketsController {/api/tickets}:[39m[38;5;3m +1ms[39m
[32m[Nest] 18204  - [39m24/05/2026, 5:33:12 p. m. [32m    LOG[39m [38;5;3m[RouterExplorer] [39m[32mMapped {/api/tickets/validate, POST} route[39m[38;5;3m +1ms[39m
[32m[Nest] 18204  - [39m24/05/2026, 5:33:12 p. m. [32m    LOG[39m [38;5;3m[RouterExplorer] [39m[32mMapped {/api/tickets/validate-by-id, POST} route[39m[38;5;3m +1ms[39m
[32m[Nest] 18204  - [39m24/05/2026, 5:33:12 p. m. [32m    LOG[39m [38;5;3m[RoutesResolver] [39m[32mUploadController {/api/upload}:[39m[38;5;3m +0ms[39m
[32m[Nest] 18204  - [39m24/05/2026, 5:33:12 p. m. [32m    LOG[39m [38;5;3m[RouterExplorer] [39m[32mMapped {/api/upload, POST} route[39m[38;5;3m +1ms[39m
[32m[Nest] 18204  - [39m24/05/2026, 5:33:12 p. m. [32m    LOG[39m [38;5;3m[RoutesResolver] [39m[32mAdminController {/api/admin}:[39m[38;5;3m +1ms[39m
[32m[Nest] 18204  - [39m24/05/2026, 5:33:12 p. m. [32m    LOG[39m [38;5;3m[RouterExplorer] [39m[32mMapped {/api/admin/organizers, GET} route[39m[38;5;3m +1ms[39m
[32m[Nest] 18204  - [39m24/05/2026, 5:33:12 p. m. [32m    LOG[39m [38;5;3m[RouterExplorer] [39m[32mMapped {/api/admin/analytics/organizers, GET} route[39m[38;5;3m +1ms[39m
[32m[Nest] 18204  - [39m24/05/2026, 5:33:12 p. m. [32m    LOG[39m [38;5;3m[RouterExplorer] [39m[32mMapped {/api/admin/organizers, POST} route[39m[38;5;3m +1ms[39m
[32m[Nest] 18204  - [39m24/05/2026, 5:33:12 p. m. [32m    LOG[39m [38;5;3m[RouterExplorer] [39m[32mMapped {/api/admin/organizers/:id/status, PATCH} route[39m[38;5;3m +1ms[39m
[32m[Nest] 18204  - [39m24/05/2026, 5:33:12 p. m. [32m    LOG[39m [38;5;3m[RouterExplorer] [39m[32mMapped {/api/admin/organizers/:id, PATCH} route[39m[38;5;3m +1ms[39m
[32m[Nest] 18204  - [39m24/05/2026, 5:33:12 p. m. [32m    LOG[39m [38;5;3m[RouterExplorer] [39m[32mMapped {/api/admin/organizers/:id, DELETE} route[39m[38;5;3m +0ms[39m
[32m[Nest] 18204  - [39m24/05/2026, 5:33:12 p. m. [32m    LOG[39m [38;5;3m[RouterExplorer] [39m[32mMapped {/api/admin/plans, GET} route[39m[38;5;3m +1ms[39m
[32m[Nest] 18204  - [39m24/05/2026, 5:33:12 p. m. [32m    LOG[39m [38;5;3m[RouterExplorer] [39m[32mMapped {/api/admin/plans, POST} route[39m[38;5;3m +1ms[39m
[32m[Nest] 18204  - [39m24/05/2026, 5:33:12 p. m. [32m    LOG[39m [38;5;3m[RouterExplorer] [39m[32mMapped {/api/admin/plans/:id, PATCH} route[39m[38;5;3m +1ms[39m
[32m[Nest] 18204  - [39m24/05/2026, 5:33:12 p. m. [32m    LOG[39m [38;5;3m[RouterExplorer] [39m[32mMapped {/api/admin/plans/:id, DELETE} route[39m[38;5;3m +0ms[39m
[32m[Nest] 18204  - [39m24/05/2026, 5:33:12 p. m. [32m    LOG[39m [38;5;3m[RouterExplorer] [39m[32mMapped {/api/admin/users, GET} route[39m[38;5;3m +1ms[39m
[32m[Nest] 18204  - [39m24/05/2026, 5:33:12 p. m. [32m    LOG[39m [38;5;3m[RouterExplorer] [39m[32mMapped {/api/admin/users, POST} route[39m[38;5;3m +1ms[39m
[32m[Nest] 18204  - [39m24/05/2026, 5:33:12 p. m. [32m    LOG[39m [38;5;3m[RouterExplorer] [39m[32mMapped {/api/admin/users/:id, PATCH} route[39m[38;5;3m +1ms[39m
[32m[Nest] 18204  - [39m24/05/2026, 5:33:12 p. m. [32m    LOG[39m [38;5;3m[RouterExplorer] [39m[32mMapped {/api/admin/users/:id, DELETE} route[39m[38;5;3m +0ms[39m
[32m[Nest] 18204  - [39m24/05/2026, 5:33:12 p. m. [32m    LOG[39m [38;5;3m[RouterExplorer] [39m[32mMapped {/api/admin/events, GET} route[39m[38;5;3m +1ms[39m
[32m[Nest] 18204  - [39m24/05/2026, 5:33:12 p. m. [32m    LOG[39m [38;5;3m[RouterExplorer] [39m[32mMapped {/api/admin/events/:id/featured, PATCH} route[39m[38;5;3m +1ms[39m
[32m[Nest] 18204  - [39m24/05/2026, 5:33:12 p. m. [32m    LOG[39m [38;5;3m[RoutesResolver] [39m[32mOrganizerMembersController {/api/organizer-members}:[39m[38;5;3m +1ms[39m
[32m[Nest] 18204  - [39m24/05/2026, 5:33:12 p. m. [32m    LOG[39m [38;5;3m[RouterExplorer] [39m[32mMapped {/api/organizer-members, GET} route[39m[38;5;3m +1ms[39m
[32m[Nest] 18204  - [39m24/05/2026, 5:33:12 p. m. [32m    LOG[39m [38;5;3m[RouterExplorer] [39m[32mMapped {/api/organizer-members, POST} route[39m[38;5;3m +0ms[39m
[32m[Nest] 18204  - [39m24/05/2026, 5:33:12 p. m. [32m    LOG[39m [38;5;3m[RouterExplorer] [39m[32mMapped {/api/organizer-members/:id, PATCH} route[39m[38;5;3m +1ms[39m
[32m[Nest] 18204  - [39m24/05/2026, 5:33:12 p. m. [32m    LOG[39m [38;5;3m[RouterExplorer] [39m[32mMapped {/api/organizer-members/:id, DELETE} route[39m[38;5;3m +1ms[39m
[32m[Nest] 18204  - [39m24/05/2026, 5:33:12 p. m. [32m    LOG[39m [38;5;3m[NestApplication] [39m[32mNest application successfully started[39m[38;5;3m +57ms[39m
[32m[Nest] 18204  - [39m24/05/2026, 5:33:12 p. m. [32m    LOG[39m [32m🚀 Application is running on: http://localhost:3000/api[39m
