   ▲ Next.js 16.0.11 (Turbopack)
   - Local:         http://localhost:4202
   - Network:       http://192.168.0.137:4202

 ✓ Starting...
[baseline-browser-mapping] The data in this module is over two months old.  To ensure accurate Baseline data, please update: `npm i baseline-browser-mapping@latest -D`
 ✓ Ready in 1931ms
 ○ Compiling / ...
 GET / 200 in 4.8s (compile: 4.7s, render: 147ms)
 GET /dashboard 200 in 508ms (compile: 414ms, render: 95ms)
 GET /login 200 in 525ms (compile: 482ms, render: 43ms)
 GET /login 200 in 24ms (compile: 5ms, render: 19ms)
 GET /dashboard 200 in 20ms (compile: 5ms, render: 15ms)
 ✓ Compiled in 323ms
 GET /dashboard 200 in 253ms (compile: 154ms, render: 99ms)
 ✓ Compiled in 181ms
 GET /dashboard 200 in 144ms (compile: 76ms, render: 68ms)
 GET /dashboard 200 in 62ms (compile: 5ms, render: 57ms)
 ✓ Compiled in 111ms
 GET /dashboard 200 in 126ms (compile: 62ms, render: 64ms)
 GET /dashboard 200 in 37ms (compile: 5ms, render: 32ms)
 ✓ Compiled in 61ms
 GET /dashboard 200 in 112ms (compile: 63ms, render: 49ms)
 GET /dashboard 200 in 42ms (compile: 4ms, render: 37ms)
 GET /dashboard 200 in 45ms (compile: 5ms, render: 40ms)
 GET /dashboard 200 in 39ms (compile: 4ms, render: 35ms)
 ✓ Compiled in 61ms
 GET /dashboard 200 in 150ms (compile: 86ms, render: 64ms)
 GET /dashboard 200 in 39ms (compile: 5ms, render: 33ms)
 GET /dashboard 200 in 79ms (compile: 7ms, render: 72ms)
 GET /dashboard 200 in 32ms (compile: 4ms, render: 28ms)
 GET /dashboard 200 in 34ms (compile: 3ms, render: 31ms)
 GET /login 200 in 130ms (compile: 107ms, render: 22ms)
 GET /dashboard 200 in 16ms (compile: 3ms, render: 13ms)
 GET /dashboard 200 in 41ms (compile: 4ms, render: 37ms)
